<?xml version="1.0" encoding="UTF-8"?>
<!-- Generated by org.testng.reporters.JUnitReportReporter -->
<testsuite hostname="spadmanabhan-mbp" failures="0" tests="1" name="com.aspiration.appium.tests.LoginTest" time="62.222" errors="0" timestamp="2022-02-04T17:21:10 EST" skipped="0">
  <testcase classname="com.aspiration.appium.tests.LoginTest" name="testUserLoginAndLogout" time="62.222"/>
  <system-out/>
</testsuite> <!-- com.aspiration.appium.tests.LoginTest -->
